Flow report for CLK_Divider_Quartus
Sun Jul 03 18:43:55 2022
Quartus Prime Version 18.1.0 Build 625 09/12/2018 SJ Lite Edition


---------------------
; Table of Contents ;
---------------------
  1. Legal Notice
  2. Flow Summary
  3. Flow Settings
  4. Flow Non-Default Global Settings
  5. Flow Elapsed Time
  6. Flow OS Summary
  7. Flow Log
  8. Flow Messages
  9. Flow Suppressed Messages



----------------
; Legal Notice ;
----------------
Copyright (C) 2018  Intel Corporation. All rights reserved.
Your use of Intel Corporation's design tools, logic functions 
and other software and tools, and its AMPP partner logic 
functions, and any output files from any of the foregoing 
(including device programming or simulation files), and any 
associated documentation or information are expressly subject 
to the terms and conditions of the Intel Program License 
Subscription Agreement, the Intel Quartus Prime License Agreement,
the Intel FPGA IP License Agreement, or other applicable license
agreement, including, without limitation, that your use is for
the sole purpose of programming logic devices manufactured by
Intel and sold by Intel or its authorized distributors.  Please
refer to the applicable agreement for further details.



+---------------------------------------------------------------------+
; Flow Summary                                                        ;
+-----------------------+---------------------------------------------+
; Flow Status           ; Successful - Sun Jul 03 18:43:55 2022       ;
; Quartus Prime Version ; 18.1.0 Build 625 09/12/2018 SJ Lite Edition ;
; Revision Name         ; CLK_Divider_Quartus                         ;
; Top-level Entity Name ; Clk_Divider_Top                             ;
; Family                ; MAX II                                      ;
; Device                ; EPM240F100C4                                ;
; Timing Models         ; Final                                       ;
; Total logic elements  ; 4 / 240 ( 2 % )                             ;
; Total pins            ; 2 / 80 ( 3 % )                              ;
; Total virtual pins    ; 0                                           ;
; UFM blocks            ; 0 / 1 ( 0 % )                               ;
+-----------------------+---------------------------------------------+


+-----------------------------------------+
; Flow Settings                           ;
+-------------------+---------------------+
; Option            ; Setting             ;
+-------------------+---------------------+
; Start date & time ; 07/03/2022 18:43:40 ;
; Main task         ; Compilation         ;
; Revision Name     ; CLK_Divider_Quartus ;
+-------------------+---------------------+


+------------------------------------------------------------------------------------------------------------------------------+
; Flow Non-Default Global Settings                                                                                             ;
+---------------------------------------+---------------------------------+---------------------+-------------+----------------+
; Assignment Name                       ; Value                           ; Default Value       ; Entity Name ; Section Id     ;
+---------------------------------------+---------------------------------+---------------------+-------------+----------------+
; COMPILER_SIGNATURE_ID                 ; 141812763035925.165683781906596 ; --                  ; --          ; --             ;
; EDA_DESIGN_INSTANCE_NAME              ; NA                              ; --                  ; --          ; Clk_Divider_HZ ;
; EDA_DESIGN_INSTANCE_NAME              ; NA                              ; --                  ; --          ; testbench      ;
; EDA_NATIVELINK_SIMULATION_TEST_BENCH  ; testbench                       ; --                  ; --          ; eda_simulation ;
; EDA_OUTPUT_DATA_FORMAT                ; Verilog Hdl                     ; --                  ; --          ; eda_simulation ;
; EDA_SIMULATION_TOOL                   ; ModelSim-Altera (Verilog)       ; <None>              ; --          ; --             ;
; EDA_TEST_BENCH_ENABLE_STATUS          ; TEST_BENCH_MODE                 ; --                  ; --          ; eda_simulation ;
; EDA_TEST_BENCH_FILE                   ; ../Clk_Divider_HZ_TB.v          ; --                  ; --          ; Clk_Divider_HZ ;
; EDA_TEST_BENCH_FILE                   ; ../Clk_Divider_HZ_TB.v          ; --                  ; --          ; testbench      ;
; EDA_TEST_BENCH_MODULE_NAME            ; Clk_Divider_HZ                  ; --                  ; --          ; Clk_Divider_HZ ;
; EDA_TEST_BENCH_MODULE_NAME            ; testbench                       ; --                  ; --          ; testbench      ;
; EDA_TEST_BENCH_NAME                   ; Clk_Divider_HZ                  ; --                  ; --          ; eda_simulation ;
; EDA_TEST_BENCH_NAME                   ; testbench                       ; --                  ; --          ; eda_simulation ;
; EDA_TIME_SCALE                        ; 1 ps                            ; --                  ; --          ; eda_simulation ;
; MAX_CORE_JUNCTION_TEMP                ; 85                              ; --                  ; --          ; --             ;
; MIN_CORE_JUNCTION_TEMP                ; 0                               ; --                  ; --          ; --             ;
; POWER_EXT_SUPPLY_VOLTAGE_TO_REGULATOR ; 3.3V                            ; --                  ; --          ; --             ;
; POWER_PRESET_COOLING_SOLUTION         ; No Heat Sink With Still Air     ; --                  ; --          ; --             ;
; PROJECT_OUTPUT_DIRECTORY              ; output_files                    ; --                  ; --          ; --             ;
; TOP_LEVEL_ENTITY                      ; Clk_Divider_Top                 ; CLK_Divider_Quartus ; --          ; --             ;
+---------------------------------------+---------------------------------+---------------------+-------------+----------------+


+--------------------------------------------------------------------------------------------------------------------------+
; Flow Elapsed Time                                                                                                        ;
+----------------------+--------------+-------------------------+---------------------+------------------------------------+
; Module Name          ; Elapsed Time ; Average Processors Used ; Peak Virtual Memory ; Total CPU Time (on all processors) ;
+----------------------+--------------+-------------------------+---------------------+------------------------------------+
; Analysis & Synthesis ; 00:00:09     ; 1.0                     ; 4702 MB             ; 00:00:19                           ;
; Fitter               ; 00:00:01     ; 1.0                     ; 5509 MB             ; 00:00:01                           ;
; Assembler            ; 00:00:01     ; 1.0                     ; 4648 MB             ; 00:00:00                           ;
; Timing Analyzer      ; 00:00:02     ; 1.0                     ; 4667 MB             ; 00:00:01                           ;
; EDA Netlist Writer   ; 00:00:01     ; 1.0                     ; 4611 MB             ; 00:00:01                           ;
; Total                ; 00:00:14     ; --                      ; --                  ; 00:00:22                           ;
+----------------------+--------------+-------------------------+---------------------+------------------------------------+


+------------------------------------------------------------------------------------+
; Flow OS Summary                                                                    ;
+----------------------+------------------+------------+------------+----------------+
; Module Name          ; Machine Hostname ; OS Name    ; OS Version ; Processor type ;
+----------------------+------------------+------------+------------+----------------+
; Analysis & Synthesis ; MWMetabox        ; Windows 10 ; 10.0       ; x86_64         ;
; Fitter               ; MWMetabox        ; Windows 10 ; 10.0       ; x86_64         ;
; Assembler            ; MWMetabox        ; Windows 10 ; 10.0       ; x86_64         ;
; Timing Analyzer      ; MWMetabox        ; Windows 10 ; 10.0       ; x86_64         ;
; EDA Netlist Writer   ; MWMetabox        ; Windows 10 ; 10.0       ; x86_64         ;
+----------------------+------------------+------------+------------+----------------+


------------
; Flow Log ;
------------
quartus_map --read_settings_files=on --write_settings_files=off CLK_Divider_Quartus -c CLK_Divider_Quartus
quartus_fit --read_settings_files=off --write_settings_files=off CLK_Divider_Quartus -c CLK_Divider_Quartus
quartus_asm --read_settings_files=off --write_settings_files=off CLK_Divider_Quartus -c CLK_Divider_Quartus
quartus_sta CLK_Divider_Quartus -c CLK_Divider_Quartus
quartus_eda --read_settings_files=off --write_settings_files=off CLK_Divider_Quartus -c CLK_Divider_Quartus



